<?xml version="1.0" encoding="UTF-8"?>
<!-- Generated by org.testng.reporters.JUnitXMLReporter -->
<testsuite hostname="JuanJo-PC" ignored="0" name="FileAction Test" tests="20" failures="0" timestamp="12 dic 2018 17:58:27 GMT" time="0.204" errors="0">
  <testcase name="get_LargestWord_File_DoesNotExist" time="0.015" classname="test.FileActionTest"/>
  <testcase name="get_LargestWord_File_Empty" time="0.0" classname="test.FileActionTest"/>
  <testcase name="get_LargestWord_File_MultipleWordsSameLine" time="0.0" classname="test.FileActionTest"/>
  <testcase name="get_LargestWord_File_NotSupported" time="0.0" classname="test.FileActionTest"/>
  <testcase name="get_LargestWord_File_Specialcharacters" time="0.015" classname="test.FileActionTest"/>
  <testcase name="get_LargestWord_From_File_HappyPath" time="0.0" classname="test.FileActionTest"/>
  <testcase name="get_LargestWord_From_File_LineWithSpaces" time="0.0" classname="test.FileActionTest"/>
  <testcase name="get_LargestWord_From_File_MultipleLargeWords" time="0.0" classname="test.FileActionTest"/>
  <testcase name="get_LargestWord_From_File_OneWord" time="0.016" classname="test.FileActionTest"/>
  <testcase name="get_LargestWord_From_File_StartWithBlankLines" time="0.0" classname="test.FileActionTest"/>
  <testcase name="get_LargestWord_Transposed_File_NotSupported" time="0.0" classname="test.FileActionTest"/>
  <testcase name="get_LargestWord_Transposed_From_File_HappyPath" time="0.0" classname="test.FileActionTest"/>
  <testcase name="get_LargestWord_Transposed_From_File_LineWithSpaces" time="0.0" classname="test.FileActionTest"/>
  <testcase name="get_LargestWord_Transposed_From_File_MultipleLargeWords" time="0.0" classname="test.FileActionTest"/>
  <testcase name="get_LargestWord_Transposed_From_File_OneWord" time="0.0" classname="test.FileActionTest"/>
  <testcase name="get_LargestWord_Transposed_From_File_StartWithBlankLines" time="0.0" classname="test.FileActionTest"/>
  <testcase name="get_LargestWord__Transposed_File_Empty" time="0.0" classname="test.FileActionTest"/>
  <testcase name="get_LargestWord__Transposed_File_MultipleWordsSameLine" time="0.0" classname="test.FileActionTest"/>
  <testcase name="get_LargestWord__Transposed_File_Specialcharacters" time="0.0" classname="test.FileActionTest"/>
  <testcase name="get_LargestWord__Transposed__File_DoesNotExist" time="0.0" classname="test.FileActionTest"/>
</testsuite> <!-- FileAction Test -->
