<?xml version="1.0" encoding="UTF-8"?>
<testsuite xmlns:xsi="http://www.w3.org/2001/XMLSchema-instance" xsi:schemaLocation="https://maven.apache.org/surefire/maven-surefire-plugin/xsd/surefire-test-report.xsd" name="TestSuite" time="1.992" tests="20" errors="0" skipped="0" failures="0">
  <properties>
[...]
</properties>
  <testcase name="get_LargestWord_File_DoesNotExist" classname="test.FileActionTest" time="0"/>
  <testcase name="get_LargestWord_File_Empty" classname="test.FileActionTest" time="0"/>
  <testcase name="get_LargestWord_File_MultipleWordsSameLine" classname="test.FileActionTest" time="0"/>
  <testcase name="get_LargestWord_File_NotSupported" classname="test.FileActionTest" time="0"/>
  <testcase name="get_LargestWord_File_Specialcharacters" classname="test.FileActionTest" time="0"/>
  <testcase name="get_LargestWord_From_File_HappyPath" classname="test.FileActionTest" time="0"/>
  <testcase name="get_LargestWord_From_File_LineWithSpaces" classname="test.FileActionTest" time="0"/>
  <testcase name="get_LargestWord_From_File_MultipleLargeWords" classname="test.FileActionTest" time="0"/>
  <testcase name="get_LargestWord_From_File_OneWord" classname="test.FileActionTest" time="0.016"/>
  <testcase name="get_LargestWord_From_File_StartWithBlankLines" classname="test.FileActionTest" time="0"/>
  <testcase name="get_LargestWord_Transposed_File_NotSupported" classname="test.FileActionTest" time="0"/>
  <testcase name="get_LargestWord_Transposed_From_File_HappyPath" classname="test.FileActionTest" time="0"/>
  <testcase name="get_LargestWord_Transposed_From_File_LineWithSpaces" classname="test.FileActionTest" time="0"/>
  <testcase name="get_LargestWord_Transposed_From_File_MultipleLargeWords" classname="test.FileActionTest" time="0"/>
  <testcase name="get_LargestWord_Transposed_From_File_OneWord" classname="test.FileActionTest" time="0"/>
  <testcase name="get_LargestWord_Transposed_From_File_StartWithBlankLines" classname="test.FileActionTest" time="0"/>
  <testcase name="get_LargestWord__Transposed_File_Empty" classname="test.FileActionTest" time="0"/>
  <testcase name="get_LargestWord__Transposed_File_MultipleWordsSameLine" classname="test.FileActionTest" time="0"/>
  <testcase name="get_LargestWord__Transposed_File_Specialcharacters" classname="test.FileActionTest" time="0"/>
  <testcase name="get_LargestWord__Transposed__File_DoesNotExist" classname="test.FileActionTest" time="0.017"/>
</testsuite>